[2023-08-22 21:01:09Z INFO HostContext] No proxy settings were found based on environmental variables (http_proxy/https_proxy/HTTP_PROXY/HTTPS_PROXY)
[2023-08-22 21:01:09Z INFO HostContext] Well known directory 'Bin': 'D:\Project\telegram_bot\actions-runner\bin'
[2023-08-22 21:01:09Z INFO HostContext] Well known directory 'Root': 'D:\Project\telegram_bot\actions-runner'
[2023-08-22 21:01:09Z INFO HostContext] Well known config file 'Credentials': 'D:\Project\telegram_bot\actions-runner\.credentials'
[2023-08-22 21:01:09Z INFO HostContext] Well known directory 'Bin': 'D:\Project\telegram_bot\actions-runner\bin'
[2023-08-22 21:01:09Z INFO HostContext] Well known directory 'Root': 'D:\Project\telegram_bot\actions-runner'
[2023-08-22 21:01:09Z INFO HostContext] Well known config file 'Runner': 'D:\Project\telegram_bot\actions-runner\.runner'
[2023-08-22 21:01:09Z INFO Listener] Runner is built for Windows (X64) - win-x64.
[2023-08-22 21:01:09Z INFO Listener] RuntimeInformation: Microsoft Windows 10.0.22621.
[2023-08-22 21:01:09Z INFO Listener] Version: 2.308.0
[2023-08-22 21:01:09Z INFO Listener] Commit: 7f7ff150c6d2ee316c523be6325188853dfae45d
[2023-08-22 21:01:09Z INFO Listener] Culture: uk-UA
[2023-08-22 21:01:09Z INFO Listener] UI Culture: uk-UA
[2023-08-22 21:01:09Z INFO HostContext] Well known directory 'Bin': 'D:\Project\telegram_bot\actions-runner\bin'
[2023-08-22 21:01:09Z INFO HostContext] Well known directory 'Root': 'D:\Project\telegram_bot\actions-runner'
[2023-08-22 21:01:09Z INFO Listener] Validating directory permissions for: 'D:\Project\telegram_bot\actions-runner'
[2023-08-22 21:01:09Z INFO CommandLineParser] Parse
[2023-08-22 21:01:09Z INFO CommandLineParser] Parsing 5 args
[2023-08-22 21:01:09Z INFO CommandLineParser] parsing argument
[2023-08-22 21:01:09Z INFO CommandLineParser] HasArgs: False
[2023-08-22 21:01:09Z INFO CommandLineParser] Adding Command: configure
[2023-08-22 21:01:09Z INFO CommandLineParser] parsing argument
[2023-08-22 21:01:09Z INFO CommandLineParser] HasArgs: True
[2023-08-22 21:01:09Z INFO CommandLineParser] arg: url
[2023-08-22 21:01:09Z INFO CommandLineParser] parsing argument
[2023-08-22 21:01:09Z INFO CommandLineParser] HasArgs: True
[2023-08-22 21:01:09Z INFO CommandLineParser] Adding option 'url': 'https://github.com/LexBondarchyk/tel-bot'
[2023-08-22 21:01:09Z INFO CommandLineParser] parsing argument
[2023-08-22 21:01:09Z INFO CommandLineParser] HasArgs: True
[2023-08-22 21:01:09Z INFO CommandLineParser] arg: token
[2023-08-22 21:01:09Z INFO CommandLineParser] parsing argument
[2023-08-22 21:01:09Z INFO CommandLineParser] HasArgs: True
[2023-08-22 21:01:09Z INFO CommandLineParser] Adding option 'token': '***'
[2023-08-22 21:01:09Z INFO Listener] Arguments parsed
[2023-08-22 21:01:09Z INFO Runner] ExecuteCommand
[2023-08-22 21:01:09Z INFO ConfigurationStore] currentAssemblyLocation: D:\Project\telegram_bot\actions-runner\bin\Runner.Listener.dll
[2023-08-22 21:01:09Z INFO HostContext] Well known directory 'Bin': 'D:\Project\telegram_bot\actions-runner\bin'
[2023-08-22 21:01:09Z INFO ConfigurationStore] binPath: D:\Project\telegram_bot\actions-runner\bin
[2023-08-22 21:01:09Z INFO HostContext] Well known directory 'Bin': 'D:\Project\telegram_bot\actions-runner\bin'
[2023-08-22 21:01:09Z INFO HostContext] Well known directory 'Root': 'D:\Project\telegram_bot\actions-runner'
[2023-08-22 21:01:09Z INFO ConfigurationStore] RootFolder: D:\Project\telegram_bot\actions-runner
[2023-08-22 21:01:09Z INFO HostContext] Well known directory 'Bin': 'D:\Project\telegram_bot\actions-runner\bin'
[2023-08-22 21:01:09Z INFO HostContext] Well known directory 'Root': 'D:\Project\telegram_bot\actions-runner'
[2023-08-22 21:01:09Z INFO HostContext] Well known config file 'Runner': 'D:\Project\telegram_bot\actions-runner\.runner'
[2023-08-22 21:01:09Z INFO ConfigurationStore] ConfigFilePath: D:\Project\telegram_bot\actions-runner\.runner
[2023-08-22 21:01:09Z INFO HostContext] Well known directory 'Bin': 'D:\Project\telegram_bot\actions-runner\bin'
[2023-08-22 21:01:09Z INFO HostContext] Well known directory 'Root': 'D:\Project\telegram_bot\actions-runner'
[2023-08-22 21:01:09Z INFO HostContext] Well known config file 'Credentials': 'D:\Project\telegram_bot\actions-runner\.credentials'
[2023-08-22 21:01:09Z INFO ConfigurationStore] CredFilePath: D:\Project\telegram_bot\actions-runner\.credentials
[2023-08-22 21:01:09Z INFO HostContext] Well known directory 'Bin': 'D:\Project\telegram_bot\actions-runner\bin'
[2023-08-22 21:01:09Z INFO HostContext] Well known directory 'Root': 'D:\Project\telegram_bot\actions-runner'
[2023-08-22 21:01:09Z INFO HostContext] Well known config file 'MigratedCredentials': 'D:\Project\telegram_bot\actions-runner\.credentials_migrated'
[2023-08-22 21:01:09Z INFO ConfigurationStore] MigratedCredFilePath: D:\Project\telegram_bot\actions-runner\.credentials_migrated
[2023-08-22 21:01:09Z INFO HostContext] Well known directory 'Bin': 'D:\Project\telegram_bot\actions-runner\bin'
[2023-08-22 21:01:09Z INFO HostContext] Well known directory 'Root': 'D:\Project\telegram_bot\actions-runner'
[2023-08-22 21:01:09Z INFO HostContext] Well known config file 'Service': 'D:\Project\telegram_bot\actions-runner\.service'
[2023-08-22 21:01:09Z INFO ConfigurationStore] ServiceConfigFilePath: D:\Project\telegram_bot\actions-runner\.service
[2023-08-22 21:01:09Z INFO CommandSettings] Flag 'help': 'False'
[2023-08-22 21:01:09Z INFO CommandSettings] Flag 'version': 'False'
[2023-08-22 21:01:09Z INFO CommandSettings] Flag 'commit': 'False'
[2023-08-22 21:01:09Z INFO CommandSettings] Flag 'check': 'False'
[2023-08-22 21:01:09Z INFO CommandSettings] Command 'configure': 'True'
[2023-08-22 21:01:09Z INFO Terminal] WRITE LINE: 
[2023-08-22 21:01:09Z INFO Terminal] WRITE LINE: --------------------------------------------------------------------------------
[2023-08-22 21:01:09Z INFO Terminal] WRITE LINE: |        ____ _ _   _   _       _          _        _   _                      |
[2023-08-22 21:01:09Z INFO Terminal] WRITE LINE: |       / ___(_) |_| | | |_   _| |__      / \   ___| |_(_) ___  _ __  ___      |
[2023-08-22 21:01:09Z INFO Terminal] WRITE LINE: |      | |  _| | __| |_| | | | | '_ \    / _ \ / __| __| |/ _ \| '_ \/ __|     |
[2023-08-22 21:01:09Z INFO Terminal] WRITE LINE: |      | |_| | | |_|  _  | |_| | |_) |  / ___ \ (__| |_| | (_) | | | \__ \     |
[2023-08-22 21:01:09Z INFO Terminal] WRITE LINE: |       \____|_|\__|_| |_|\__,_|_.__/  /_/   \_\___|\__|_|\___/|_| |_|___/     |
[2023-08-22 21:01:09Z INFO Terminal] WRITE LINE: |                                                                              |
[2023-08-22 21:01:09Z INFO Terminal] WRITE: |                       
[2023-08-22 21:01:09Z INFO Terminal] WRITE: Self-hosted runner registration
[2023-08-22 21:01:09Z INFO Terminal] WRITE LINE:                         |
[2023-08-22 21:01:09Z INFO Terminal] WRITE LINE: |                                                                              |
[2023-08-22 21:01:09Z INFO Terminal] WRITE LINE: --------------------------------------------------------------------------------
[2023-08-22 21:01:09Z INFO ConfigurationManager] ConfigureAsync
[2023-08-22 21:01:09Z INFO CommandSettings] Flag 'generateServiceConfig': 'False'
[2023-08-22 21:01:09Z INFO ConfigurationStore] IsConfigured()
[2023-08-22 21:01:09Z INFO ConfigurationStore] IsConfigured: False
[2023-08-22 21:01:09Z INFO ConfigurationManager] Is configured: False
[2023-08-22 21:01:09Z INFO CommandSettings] Arg 'url': 'https://github.com/LexBondarchyk/tel-bot'
[2023-08-22 21:01:09Z INFO CommandSettings] Remove url from Arg dictionary.
[2023-08-22 21:01:09Z INFO CommandSettings] Arg 'token': '***'
[2023-08-22 21:01:09Z INFO CommandSettings] Remove token from Arg dictionary.
[2023-08-22 21:01:10Z INFO ConfigurationManager] Http response code: OK from 'POST https://api.github.com/actions/runner-registration' (D94C:DB4D:1450C3D:14819B5:64E52245)
[2023-08-22 21:01:11Z INFO ConfigurationManager] Using V2 flow: False
[2023-08-22 21:01:11Z INFO ConfigurationManager] cred retrieved via GitHub auth
[2023-08-22 21:01:11Z INFO RunnerServer] EstablishVssConnection
[2023-08-22 21:01:11Z INFO RunnerServer] Establish connection with 100 seconds timeout.
[2023-08-22 21:01:11Z INFO GitHubActionsService] Starting operation Location.GetConnectionData
[2023-08-22 21:01:11Z INFO RunnerServer] EstablishVssConnection
[2023-08-22 21:01:11Z INFO RunnerServer] Establish connection with 60 seconds timeout.
[2023-08-22 21:01:11Z INFO GitHubActionsService] Starting operation Location.GetConnectionData
[2023-08-22 21:01:11Z INFO RunnerServer] EstablishVssConnection
[2023-08-22 21:01:11Z INFO RunnerServer] Establish connection with 60 seconds timeout.
[2023-08-22 21:01:11Z INFO GitHubActionsService] Starting operation Location.GetConnectionData
[2023-08-22 21:01:13Z INFO GitHubActionsService] Finished operation Location.GetConnectionData
[2023-08-22 21:01:13Z INFO GitHubActionsService] Finished operation Location.GetConnectionData
[2023-08-22 21:01:13Z INFO GitHubActionsService] Finished operation Location.GetConnectionData
[2023-08-22 21:01:13Z INFO Terminal] WRITE LINE: 
[2023-08-22 21:01:13Z INFO ConfigurationManager] Test Connection complete.
[2023-08-22 21:01:13Z INFO HostContext] Well known directory 'Bin': 'D:\Project\telegram_bot\actions-runner\bin'
[2023-08-22 21:01:13Z INFO HostContext] Well known directory 'Root': 'D:\Project\telegram_bot\actions-runner'
[2023-08-22 21:01:13Z INFO HostContext] Well known config file 'RSACredentials': 'D:\Project\telegram_bot\actions-runner\.credentials_rsaparams'
[2023-08-22 21:01:13Z INFO RSAEncryptedFileKeyManager] Creating new RSA key using 2048-bit key length
[2023-08-22 21:01:13Z INFO RSAEncryptedFileKeyManager] Successfully saved RSA key parameters to file D:\Project\telegram_bot\actions-runner\.credentials_rsaparams
[2023-08-22 21:01:13Z INFO CommandSettings] Arg 'runnergroup': ''
[2023-08-22 21:01:13Z INFO CommandSettings] Flag 'unattended': 'False'
[2023-08-22 21:01:13Z INFO PromptManager] ReadValue
[2023-08-22 21:01:13Z INFO Terminal] WRITE: Enter the name of the runner group to add this runner to: 
[2023-08-22 21:01:13Z INFO Terminal] WRITE: [press Enter for Default] 
[2023-08-22 21:01:13Z INFO Terminal] READ LINE
[2023-08-22 21:01:25Z INFO Terminal] Read value: ''
[2023-08-22 21:01:25Z INFO PromptManager] Falling back to the default: 'Default'
[2023-08-22 21:01:25Z INFO Terminal] WRITE LINE: 
[2023-08-22 21:01:25Z INFO ConfigurationManager] Found a self-hosted runner group with id 1 and name Default
[2023-08-22 21:01:25Z INFO CommandSettings] Flag 'disableupdate': 'False'
[2023-08-22 21:01:25Z INFO CommandSettings] Flag 'ephemeral': 'False'
[2023-08-22 21:01:25Z INFO CommandSettings] Arg 'name': ''
[2023-08-22 21:01:25Z INFO CommandSettings] Flag 'unattended': 'False'
[2023-08-22 21:01:25Z INFO PromptManager] ReadValue
[2023-08-22 21:01:25Z INFO Terminal] WRITE: Enter the name of runner: 
[2023-08-22 21:01:25Z INFO Terminal] WRITE: [press Enter for GREED] 
[2023-08-22 21:01:25Z INFO Terminal] READ LINE
[2023-08-22 21:01:34Z INFO Terminal] Read value: ''
[2023-08-22 21:01:34Z INFO PromptManager] Falling back to the default: 'GREED'
[2023-08-22 21:01:34Z INFO Terminal] WRITE LINE: 
[2023-08-22 21:01:34Z INFO CommandSettings] Arg 'labels': ''
[2023-08-22 21:01:34Z INFO CommandSettings] Flag 'unattended': 'False'
[2023-08-22 21:01:34Z INFO PromptManager] ReadValue
[2023-08-22 21:01:34Z INFO Terminal] WRITE: This runner will have the following labels: 'self-hosted', 'Windows', 'X64' 
Enter any additional labels (ex. label-1,label-2): 
[2023-08-22 21:01:34Z INFO Terminal] WRITE: [press Enter to skip] 
[2023-08-22 21:01:34Z INFO Terminal] READ LINE
[2023-08-22 21:02:09Z INFO Terminal] Read value: ''
[2023-08-22 21:02:09Z INFO Terminal] WRITE LINE: 
[2023-08-22 21:02:09Z INFO CommandSettings] Flag 'disableupdate': 'False'
[2023-08-22 21:02:09Z INFO CommandSettings] Flag 'no-default-labels': 'False'
[2023-08-22 21:02:09Z INFO CommandSettings] Flag 'disableupdate': 'False'
[2023-08-22 21:02:09Z INFO CommandSettings] Flag 'ephemeral': 'False'
[2023-08-22 21:02:09Z INFO ConfigurationStore] Saving OAuth credential @ D:\Project\telegram_bot\actions-runner\.credentials
[2023-08-22 21:02:09Z INFO ConfigurationStore] Credentials Saved.
[2023-08-22 21:02:09Z INFO ConfigurationStore] HasCredentials()
[2023-08-22 21:02:09Z INFO ConfigurationStore] stored True
[2023-08-22 21:02:09Z INFO CredentialManager] GetCredentialProvider
[2023-08-22 21:02:09Z INFO CredentialManager] Creating type OAuth
[2023-08-22 21:02:09Z INFO CredentialManager] Creating credential type: OAuth
[2023-08-22 21:02:09Z INFO RSAEncryptedFileKeyManager] Loading RSA key parameters from file D:\Project\telegram_bot\actions-runner\.credentials_rsaparams
[2023-08-22 21:02:09Z INFO RunnerServer] EstablishVssConnection
[2023-08-22 21:02:09Z INFO RunnerServer] Establish connection with 100 seconds timeout.
[2023-08-22 21:02:09Z INFO GitHubActionsService] Starting operation Location.GetConnectionData
[2023-08-22 21:02:09Z INFO RunnerServer] EstablishVssConnection
[2023-08-22 21:02:09Z INFO RunnerServer] Establish connection with 60 seconds timeout.
[2023-08-22 21:02:09Z INFO GitHubActionsService] Starting operation Location.GetConnectionData
[2023-08-22 21:02:09Z INFO RunnerServer] EstablishVssConnection
[2023-08-22 21:02:09Z INFO RunnerServer] Establish connection with 60 seconds timeout.
[2023-08-22 21:02:09Z INFO GitHubActionsService] Starting operation Location.GetConnectionData
[2023-08-22 21:02:11Z INFO GitHubActionsService] Finished operation Location.GetConnectionData
[2023-08-22 21:02:12Z INFO GitHubActionsService] Finished operation Location.GetConnectionData
[2023-08-22 21:02:12Z INFO GitHubActionsService] Finished operation Location.GetConnectionData
[2023-08-22 21:02:12Z INFO GitHubActionsService] Starting operation Location.GetConnectionData
[2023-08-22 21:02:13Z INFO GitHubActionsService] Finished operation Location.GetConnectionData
[2023-08-22 21:02:13Z INFO GitHubActionsService] Starting operation Location.GetConnectionData
[2023-08-22 21:02:13Z INFO GitHubActionsService] Finished operation Location.GetConnectionData
[2023-08-22 21:02:13Z INFO GitHubActionsService] Starting operation Location.GetConnectionData
[2023-08-22 21:02:14Z INFO GitHubActionsService] Finished operation Location.GetConnectionData
[2023-08-22 21:02:14Z INFO RSAEncryptedFileKeyManager] Loading RSA key parameters from file D:\Project\telegram_bot\actions-runner\.credentials_rsaparams
[2023-08-22 21:02:14Z INFO RSAEncryptedFileKeyManager] Loading RSA key parameters from file D:\Project\telegram_bot\actions-runner\.credentials_rsaparams
[2023-08-22 21:02:15Z INFO GitHubActionsService] AAD Correlation ID for this token request: Unknown
[2023-08-22 21:02:16Z INFO CommandSettings] Arg 'work': ''
[2023-08-22 21:02:16Z INFO CommandSettings] Flag 'unattended': 'False'
[2023-08-22 21:02:16Z INFO PromptManager] ReadValue
[2023-08-22 21:02:16Z INFO Terminal] WRITE: Enter name of work folder: 
[2023-08-22 21:02:16Z INFO Terminal] WRITE: [press Enter for _work] 
[2023-08-22 21:02:16Z INFO Terminal] READ LINE
[2023-08-22 21:02:16Z INFO Terminal] Read value: ''
[2023-08-22 21:02:16Z INFO PromptManager] Falling back to the default: '_work'
[2023-08-22 21:02:16Z INFO ConfigurationStore] Saving runner settings.
[2023-08-22 21:02:16Z INFO ConfigurationStore] Settings Saved.
[2023-08-22 21:02:16Z INFO Terminal] WRITE LINE: 
[2023-08-22 21:02:16Z INFO Terminal] WRITE LINE: 
[2023-08-22 21:02:16Z INFO CommandSettings] Flag 'runasservice': 'False'
[2023-08-22 21:02:16Z INFO CommandSettings] Flag 'unattended': 'False'
[2023-08-22 21:02:16Z INFO PromptManager] ReadValue
[2023-08-22 21:02:16Z INFO Terminal] WRITE: Would you like to run the runner as service? (Y/N) 
[2023-08-22 21:02:16Z INFO Terminal] WRITE: [press Enter for N] 
[2023-08-22 21:02:16Z INFO Terminal] READ LINE
[2023-08-22 21:02:16Z INFO Terminal] Read value: ''
[2023-08-22 21:02:16Z INFO PromptManager] Falling back to the default: 'N'
[2023-08-22 21:02:16Z INFO Listener] Runner execution has finished with return code 0
