[2023-08-23 00:52:15Z INFO HostContext] No proxy settings were found based on environmental variables (http_proxy/https_proxy/HTTP_PROXY/HTTPS_PROXY)
[2023-08-23 00:52:15Z INFO HostContext] Well known directory 'Bin': 'D:\Project\tel-bot\actions-runner\bin'
[2023-08-23 00:52:15Z INFO HostContext] Well known directory 'Root': 'D:\Project\tel-bot\actions-runner'
[2023-08-23 00:52:15Z INFO HostContext] Well known config file 'Credentials': 'D:\Project\tel-bot\actions-runner\.credentials'
[2023-08-23 00:52:15Z INFO HostContext] Well known directory 'Bin': 'D:\Project\tel-bot\actions-runner\bin'
[2023-08-23 00:52:15Z INFO HostContext] Well known directory 'Root': 'D:\Project\tel-bot\actions-runner'
[2023-08-23 00:52:15Z INFO HostContext] Well known config file 'Runner': 'D:\Project\tel-bot\actions-runner\.runner'
[2023-08-23 00:52:15Z INFO Listener] Runner is built for Windows (X64) - win-x64.
[2023-08-23 00:52:15Z INFO Listener] RuntimeInformation: Microsoft Windows 10.0.22621.
[2023-08-23 00:52:15Z INFO Listener] Version: 2.308.0
[2023-08-23 00:52:15Z INFO Listener] Commit: 7f7ff150c6d2ee316c523be6325188853dfae45d
[2023-08-23 00:52:15Z INFO Listener] Culture: uk-UA
[2023-08-23 00:52:15Z INFO Listener] UI Culture: uk-UA
[2023-08-23 00:52:15Z INFO HostContext] Well known directory 'Bin': 'D:\Project\tel-bot\actions-runner\bin'
[2023-08-23 00:52:15Z INFO HostContext] Well known directory 'Root': 'D:\Project\tel-bot\actions-runner'
[2023-08-23 00:52:15Z INFO Listener] Validating directory permissions for: 'D:\Project\tel-bot\actions-runner'
[2023-08-23 00:52:15Z INFO CommandLineParser] Parse
[2023-08-23 00:52:15Z INFO CommandLineParser] Parsing 1 args
[2023-08-23 00:52:15Z INFO CommandLineParser] parsing argument
[2023-08-23 00:52:15Z INFO CommandLineParser] HasArgs: False
[2023-08-23 00:52:15Z INFO CommandLineParser] Adding Command: run
[2023-08-23 00:52:15Z INFO Listener] Arguments parsed
[2023-08-23 00:52:15Z INFO Runner] ExecuteCommand
[2023-08-23 00:52:15Z INFO ConfigurationStore] currentAssemblyLocation: D:\Project\tel-bot\actions-runner\bin\Runner.Listener.dll
[2023-08-23 00:52:15Z INFO HostContext] Well known directory 'Bin': 'D:\Project\tel-bot\actions-runner\bin'
[2023-08-23 00:52:15Z INFO ConfigurationStore] binPath: D:\Project\tel-bot\actions-runner\bin
[2023-08-23 00:52:15Z INFO HostContext] Well known directory 'Bin': 'D:\Project\tel-bot\actions-runner\bin'
[2023-08-23 00:52:15Z INFO HostContext] Well known directory 'Root': 'D:\Project\tel-bot\actions-runner'
[2023-08-23 00:52:15Z INFO ConfigurationStore] RootFolder: D:\Project\tel-bot\actions-runner
[2023-08-23 00:52:15Z INFO HostContext] Well known directory 'Bin': 'D:\Project\tel-bot\actions-runner\bin'
[2023-08-23 00:52:15Z INFO HostContext] Well known directory 'Root': 'D:\Project\tel-bot\actions-runner'
[2023-08-23 00:52:15Z INFO HostContext] Well known config file 'Runner': 'D:\Project\tel-bot\actions-runner\.runner'
[2023-08-23 00:52:15Z INFO ConfigurationStore] ConfigFilePath: D:\Project\tel-bot\actions-runner\.runner
[2023-08-23 00:52:15Z INFO HostContext] Well known directory 'Bin': 'D:\Project\tel-bot\actions-runner\bin'
[2023-08-23 00:52:15Z INFO HostContext] Well known directory 'Root': 'D:\Project\tel-bot\actions-runner'
[2023-08-23 00:52:15Z INFO HostContext] Well known config file 'Credentials': 'D:\Project\tel-bot\actions-runner\.credentials'
[2023-08-23 00:52:15Z INFO ConfigurationStore] CredFilePath: D:\Project\tel-bot\actions-runner\.credentials
[2023-08-23 00:52:15Z INFO HostContext] Well known directory 'Bin': 'D:\Project\tel-bot\actions-runner\bin'
[2023-08-23 00:52:15Z INFO HostContext] Well known directory 'Root': 'D:\Project\tel-bot\actions-runner'
[2023-08-23 00:52:15Z INFO HostContext] Well known config file 'MigratedCredentials': 'D:\Project\tel-bot\actions-runner\.credentials_migrated'
[2023-08-23 00:52:15Z INFO ConfigurationStore] MigratedCredFilePath: D:\Project\tel-bot\actions-runner\.credentials_migrated
[2023-08-23 00:52:15Z INFO HostContext] Well known directory 'Bin': 'D:\Project\tel-bot\actions-runner\bin'
[2023-08-23 00:52:15Z INFO HostContext] Well known directory 'Root': 'D:\Project\tel-bot\actions-runner'
[2023-08-23 00:52:15Z INFO HostContext] Well known config file 'Service': 'D:\Project\tel-bot\actions-runner\.service'
[2023-08-23 00:52:15Z INFO ConfigurationStore] ServiceConfigFilePath: D:\Project\tel-bot\actions-runner\.service
[2023-08-23 00:52:15Z INFO CommandSettings] Flag 'help': 'False'
[2023-08-23 00:52:15Z INFO CommandSettings] Flag 'version': 'False'
[2023-08-23 00:52:15Z INFO CommandSettings] Flag 'commit': 'False'
[2023-08-23 00:52:15Z INFO CommandSettings] Flag 'check': 'False'
[2023-08-23 00:52:15Z INFO CommandSettings] Command 'configure': 'False'
[2023-08-23 00:52:15Z INFO CommandSettings] Command 'remove': 'False'
[2023-08-23 00:52:15Z INFO CommandSettings] Command 'warmup': 'False'
[2023-08-23 00:52:15Z INFO ConfigurationManager] LoadSettings
[2023-08-23 00:52:15Z INFO ConfigurationStore] IsConfigured()
[2023-08-23 00:52:15Z INFO ConfigurationStore] IsConfigured: True
[2023-08-23 00:52:15Z INFO ConfigurationManager] Is configured: True
[2023-08-23 00:52:15Z INFO ConfigurationStore] Read setting file: 293 chars
[2023-08-23 00:52:15Z INFO ConfigurationManager] Settings Loaded
[2023-08-23 00:52:15Z INFO ConfigurationStore] IsServiceConfigured()
[2023-08-23 00:52:15Z INFO ConfigurationStore] IsServiceConfigured: False
[2023-08-23 00:52:15Z INFO CommandSettings] Command 'run': 'True'
[2023-08-23 00:52:15Z INFO ConfigurationStore] IsConfigured()
[2023-08-23 00:52:15Z INFO ConfigurationStore] IsConfigured: True
[2023-08-23 00:52:15Z INFO ConfigurationManager] Is configured: True
[2023-08-23 00:52:15Z INFO Runner] Could not parse the argument value '' for StartupType. Defaulting to Manual
[2023-08-23 00:52:15Z INFO Runner] Set runner startup type - Manual
[2023-08-23 00:52:15Z INFO CommandSettings] Flag 'once': 'False'
[2023-08-23 00:52:15Z INFO CommandSettings] Flag 'once': 'False'
[2023-08-23 00:52:15Z INFO Runner] RunAsync
[2023-08-23 00:52:15Z INFO ConfigurationManager] LoadSettings
[2023-08-23 00:52:15Z INFO ConfigurationStore] IsConfigured()
[2023-08-23 00:52:15Z INFO ConfigurationStore] IsConfigured: True
[2023-08-23 00:52:15Z INFO ConfigurationManager] Is configured: True
[2023-08-23 00:52:15Z INFO ConfigurationManager] Settings Loaded
[2023-08-23 00:52:15Z INFO MessageListener] {
  "AgentId": 23,
  "AgentName": "GREED",
  "PoolId": 1,
  "PoolName": "Default",
  "ServerUrl": "https://pipelines.actions.githubusercontent.com/EFauTb7DR8jRvNU0rwPSbLYq19K9EsdlwuH2G0lVfKOqyFXW2c/",
  "GitHubUrl": "https://github.com/LexBondarchyk/tel-bot",
  "WorkFolder": "_work"
}
[2023-08-23 00:52:15Z INFO MessageListener] Loading Credentials
[2023-08-23 00:52:15Z INFO ConfigurationStore] HasCredentials()
[2023-08-23 00:52:15Z INFO ConfigurationStore] stored True
[2023-08-23 00:52:15Z INFO CredentialManager] GetCredentialProvider
[2023-08-23 00:52:15Z INFO CredentialManager] Creating type OAuth
[2023-08-23 00:52:15Z INFO CredentialManager] Creating credential type: OAuth
[2023-08-23 00:52:15Z INFO HostContext] Well known directory 'Bin': 'D:\Project\tel-bot\actions-runner\bin'
[2023-08-23 00:52:15Z INFO HostContext] Well known directory 'Root': 'D:\Project\tel-bot\actions-runner'
[2023-08-23 00:52:15Z INFO HostContext] Well known config file 'RSACredentials': 'D:\Project\tel-bot\actions-runner\.credentials_rsaparams'
[2023-08-23 00:52:15Z INFO RSAEncryptedFileKeyManager] Loading RSA key parameters from file D:\Project\tel-bot\actions-runner\.credentials_rsaparams
[2023-08-23 00:52:15Z INFO MessageListener] Attempt to create session.
[2023-08-23 00:52:15Z INFO MessageListener] Connecting to the Runner Server...
[2023-08-23 00:52:15Z INFO RunnerServer] EstablishVssConnection
[2023-08-23 00:52:15Z INFO RunnerServer] Establish connection with 100 seconds timeout.
[2023-08-23 00:52:15Z INFO GitHubActionsService] Starting operation Location.GetConnectionData
[2023-08-23 00:52:15Z INFO RunnerServer] EstablishVssConnection
[2023-08-23 00:52:15Z INFO RunnerServer] Establish connection with 60 seconds timeout.
[2023-08-23 00:52:15Z INFO GitHubActionsService] Starting operation Location.GetConnectionData
[2023-08-23 00:52:15Z INFO RunnerServer] EstablishVssConnection
[2023-08-23 00:52:15Z INFO RunnerServer] Establish connection with 60 seconds timeout.
[2023-08-23 00:52:15Z INFO GitHubActionsService] Starting operation Location.GetConnectionData
[2023-08-23 00:52:16Z INFO GitHubActionsService] Finished operation Location.GetConnectionData
[2023-08-23 00:52:16Z INFO GitHubActionsService] Finished operation Location.GetConnectionData
[2023-08-23 00:52:16Z INFO GitHubActionsService] Finished operation Location.GetConnectionData
[2023-08-23 00:52:16Z INFO MessageListener] VssConnection created
[2023-08-23 00:52:16Z INFO Terminal] WRITE LINE: 
[2023-08-23 00:52:16Z INFO Terminal] WRITE LINE: 
[2023-08-23 00:52:16Z INFO RSAEncryptedFileKeyManager] Loading RSA key parameters from file D:\Project\tel-bot\actions-runner\.credentials_rsaparams
[2023-08-23 00:52:16Z INFO RSAEncryptedFileKeyManager] Loading RSA key parameters from file D:\Project\tel-bot\actions-runner\.credentials_rsaparams
[2023-08-23 00:52:17Z INFO GitHubActionsService] AAD Correlation ID for this token request: Unknown
[2023-08-23 00:52:17Z INFO MessageListener] Session created.
[2023-08-23 00:52:17Z INFO Terminal] WRITE LINE: Current runner version: '2.308.0'
[2023-08-23 00:52:17Z INFO Terminal] WRITE LINE: 2023-08-23 00:52:17Z: Listening for Jobs
[2023-08-23 00:52:17Z INFO JobDispatcher] Set runner/worker IPC timeout to 30 seconds.
[2023-08-23 00:52:20Z INFO RSAEncryptedFileKeyManager] Loading RSA key parameters from file D:\Project\tel-bot\actions-runner\.credentials_rsaparams
[2023-08-23 00:52:20Z INFO MessageListener] Message '1' received from session 'a10eb0d7-0ca0-44cd-8be1-ad95cd7c5b1a'.
[2023-08-23 00:52:20Z INFO Runner] Received job message of length 20886 from service, with hash 'be80aa19db1696a15e1d9737e60ff2a7b7e91dee4d1464dceba88b46c519120b'
[2023-08-23 00:52:20Z INFO JobDispatcher] Job request 16 for plan 875abd9b-d241-4209-8331-ebd64fbebbce job 56fe6a69-41e4-51a9-8be0-82e5646b8f77 received.
[2023-08-23 00:52:20Z INFO JobDispatcher] Pull OrchestrationId 875abd9b-d241-4209-8331-ebd64fbebbce.simpleexample.__default from JWT claims
[2023-08-23 00:52:20Z INFO Terminal] WRITE LINE: 2023-08-23 00:52:20Z: Running job: simpleExample
[2023-08-23 00:52:20Z INFO JobDispatcher] Start renew job request 16 for job 56fe6a69-41e4-51a9-8be0-82e5646b8f77.
[2023-08-23 00:52:21Z INFO JobDispatcher] Successfully renew job request 16, job is valid till 23.08.2023 1:03:08
[2023-08-23 00:52:21Z INFO HostContext] Well known directory 'Bin': 'D:\Project\tel-bot\actions-runner\bin'
[2023-08-23 00:52:21Z INFO ProcessInvokerWrapper] Starting process:
[2023-08-23 00:52:21Z INFO ProcessInvokerWrapper]   File name: 'D:\Project\tel-bot\actions-runner\bin\Runner.Worker.exe'
[2023-08-23 00:52:21Z INFO ProcessInvokerWrapper]   Arguments: 'spawnclient 2196 2276'
[2023-08-23 00:52:21Z INFO ProcessInvokerWrapper]   Working directory: 'D:\Project\tel-bot\actions-runner\bin'
[2023-08-23 00:52:21Z INFO ProcessInvokerWrapper]   Require exit code zero: 'False'
[2023-08-23 00:52:21Z INFO ProcessInvokerWrapper]   Encoding web name:  ; code page: ''
[2023-08-23 00:52:21Z INFO ProcessInvokerWrapper]   Force kill process on cancellation: 'True'
[2023-08-23 00:52:21Z INFO ProcessInvokerWrapper]   Redirected STDIN: 'False'
[2023-08-23 00:52:21Z INFO ProcessInvokerWrapper]   Persist current code page: 'False'
[2023-08-23 00:52:21Z INFO ProcessInvokerWrapper]   Keep redirected STDIN open: 'False'
[2023-08-23 00:52:21Z INFO ProcessInvokerWrapper]   High priority process: 'True'
[2023-08-23 00:52:21Z INFO ProcessInvokerWrapper] Process started with process id 13764, waiting for process exit.
[2023-08-23 00:52:21Z INFO JobDispatcher] Send job request message to worker for job 56fe6a69-41e4-51a9-8be0-82e5646b8f77.
[2023-08-23 00:52:21Z INFO ProcessChannel] Sending message of length 20886, with hash 'be80aa19db1696a15e1d9737e60ff2a7b7e91dee4d1464dceba88b46c519120b'
[2023-08-23 00:52:21Z INFO JobNotification] Entering JobStarted Notification
[2023-08-23 00:52:21Z INFO JobNotification] Entering StartMonitor
[2023-08-23 00:53:14Z INFO ProcessInvokerWrapper] STDOUT/STDERR stream read finished.
[2023-08-23 00:53:14Z INFO ProcessInvokerWrapper] STDOUT/STDERR stream read finished.
[2023-08-23 00:53:14Z INFO ProcessInvokerWrapper] Finished process 13764 with exit code 100, and elapsed time 00:00:53.5217769.
[2023-08-23 00:53:14Z INFO JobDispatcher] Worker finished for job 56fe6a69-41e4-51a9-8be0-82e5646b8f77. Code: 100
[2023-08-23 00:53:14Z INFO JobDispatcher] finish job request for job 56fe6a69-41e4-51a9-8be0-82e5646b8f77 with result: Succeeded
[2023-08-23 00:53:14Z INFO Terminal] WRITE LINE: 2023-08-23 00:53:14Z: Job simpleExample completed with result: Succeeded
[2023-08-23 00:53:14Z INFO JobDispatcher] Stop renew job request for job 56fe6a69-41e4-51a9-8be0-82e5646b8f77.
[2023-08-23 00:53:14Z INFO JobDispatcher] job renew has been cancelled, stop renew job request 16.
[2023-08-23 00:53:14Z INFO JobNotification] Entering JobCompleted Notification
[2023-08-23 00:53:14Z INFO JobNotification] Entering EndMonitor
[2023-08-23 01:00:06Z INFO RSAEncryptedFileKeyManager] Loading RSA key parameters from file D:\Project\tel-bot\actions-runner\.credentials_rsaparams
[2023-08-23 01:00:06Z INFO MessageListener] Message '2' received from session 'a10eb0d7-0ca0-44cd-8be1-ad95cd7c5b1a'.
[2023-08-23 01:00:06Z INFO Runner] Received job message of length 20886 from service, with hash '0757760c3eb9d4b0d3f4a18572e569240b2c4ea396b7f2da2857776b3b36b28a'
[2023-08-23 01:00:06Z INFO JobDispatcher] Job request 20 for plan 5ee63f5b-fb9a-415a-b120-d0b204cffe6d job 56fe6a69-41e4-51a9-8be0-82e5646b8f77 received.
[2023-08-23 01:00:06Z INFO JobDispatcher] Pull OrchestrationId 5ee63f5b-fb9a-415a-b120-d0b204cffe6d.simpleexample.__default from JWT claims
[2023-08-23 01:00:06Z INFO JobDispatcher] Job request 56fe6a69-41e4-51a9-8be0-82e5646b8f77 processed succeed.
[2023-08-23 01:00:06Z INFO Terminal] WRITE LINE: 2023-08-23 01:00:06Z: Running job: simpleExample
[2023-08-23 01:00:06Z INFO JobDispatcher] Start renew job request 20 for job 56fe6a69-41e4-51a9-8be0-82e5646b8f77.
[2023-08-23 01:00:06Z INFO JobDispatcher] Successfully renew job request 20, job is valid till 23.08.2023 1:10:53
[2023-08-23 01:00:06Z INFO HostContext] Well known directory 'Bin': 'D:\Project\tel-bot\actions-runner\bin'
[2023-08-23 01:00:06Z INFO ProcessInvokerWrapper] Starting process:
[2023-08-23 01:00:06Z INFO ProcessInvokerWrapper]   File name: 'D:\Project\tel-bot\actions-runner\bin\Runner.Worker.exe'
[2023-08-23 01:00:06Z INFO ProcessInvokerWrapper]   Arguments: 'spawnclient 2360 1980'
[2023-08-23 01:00:06Z INFO ProcessInvokerWrapper]   Working directory: 'D:\Project\tel-bot\actions-runner\bin'
[2023-08-23 01:00:06Z INFO ProcessInvokerWrapper]   Require exit code zero: 'False'
[2023-08-23 01:00:06Z INFO ProcessInvokerWrapper]   Encoding web name:  ; code page: ''
[2023-08-23 01:00:06Z INFO ProcessInvokerWrapper]   Force kill process on cancellation: 'True'
[2023-08-23 01:00:06Z INFO ProcessInvokerWrapper]   Redirected STDIN: 'False'
[2023-08-23 01:00:06Z INFO ProcessInvokerWrapper]   Persist current code page: 'False'
[2023-08-23 01:00:06Z INFO ProcessInvokerWrapper]   Keep redirected STDIN open: 'False'
[2023-08-23 01:00:06Z INFO ProcessInvokerWrapper]   High priority process: 'True'
[2023-08-23 01:00:06Z INFO ProcessInvokerWrapper] Process started with process id 3980, waiting for process exit.
[2023-08-23 01:00:06Z INFO JobDispatcher] Send job request message to worker for job 56fe6a69-41e4-51a9-8be0-82e5646b8f77.
[2023-08-23 01:00:06Z INFO ProcessChannel] Sending message of length 20886, with hash '0757760c3eb9d4b0d3f4a18572e569240b2c4ea396b7f2da2857776b3b36b28a'
[2023-08-23 01:00:07Z INFO JobNotification] Entering JobStarted Notification
[2023-08-23 01:00:07Z INFO JobNotification] Entering StartMonitor
[2023-08-23 01:00:16Z INFO ProcessInvokerWrapper] STDOUT/STDERR stream read finished.
[2023-08-23 01:00:16Z INFO ProcessInvokerWrapper] STDOUT/STDERR stream read finished.
[2023-08-23 01:00:16Z INFO ProcessInvokerWrapper] Finished process 3980 with exit code 100, and elapsed time 00:00:09.7028022.
[2023-08-23 01:00:16Z INFO JobDispatcher] Worker finished for job 56fe6a69-41e4-51a9-8be0-82e5646b8f77. Code: 100
[2023-08-23 01:00:16Z INFO JobDispatcher] finish job request for job 56fe6a69-41e4-51a9-8be0-82e5646b8f77 with result: Succeeded
[2023-08-23 01:00:16Z INFO Terminal] WRITE LINE: 2023-08-23 01:00:16Z: Job simpleExample completed with result: Succeeded
[2023-08-23 01:00:16Z INFO JobDispatcher] Stop renew job request for job 56fe6a69-41e4-51a9-8be0-82e5646b8f77.
[2023-08-23 01:00:16Z INFO JobDispatcher] job renew has been cancelled, stop renew job request 20.
[2023-08-23 01:00:16Z INFO JobNotification] Entering JobCompleted Notification
[2023-08-23 01:00:16Z INFO JobNotification] Entering EndMonitor
