[2023-08-22 21:02:24Z INFO HostContext] No proxy settings were found based on environmental variables (http_proxy/https_proxy/HTTP_PROXY/HTTPS_PROXY)
[2023-08-22 21:02:24Z INFO HostContext] Well known directory 'Bin': 'D:\Project\telegram_bot\actions-runner\bin'
[2023-08-22 21:02:24Z INFO HostContext] Well known directory 'Root': 'D:\Project\telegram_bot\actions-runner'
[2023-08-22 21:02:24Z INFO HostContext] Well known config file 'Credentials': 'D:\Project\telegram_bot\actions-runner\.credentials'
[2023-08-22 21:02:24Z INFO HostContext] Well known directory 'Bin': 'D:\Project\telegram_bot\actions-runner\bin'
[2023-08-22 21:02:24Z INFO HostContext] Well known directory 'Root': 'D:\Project\telegram_bot\actions-runner'
[2023-08-22 21:02:24Z INFO HostContext] Well known config file 'Runner': 'D:\Project\telegram_bot\actions-runner\.runner'
[2023-08-22 21:02:24Z INFO Listener] Runner is built for Windows (X64) - win-x64.
[2023-08-22 21:02:24Z INFO Listener] RuntimeInformation: Microsoft Windows 10.0.22621.
[2023-08-22 21:02:24Z INFO Listener] Version: 2.308.0
[2023-08-22 21:02:24Z INFO Listener] Commit: 7f7ff150c6d2ee316c523be6325188853dfae45d
[2023-08-22 21:02:24Z INFO Listener] Culture: uk-UA
[2023-08-22 21:02:24Z INFO Listener] UI Culture: uk-UA
[2023-08-22 21:02:24Z INFO HostContext] Well known directory 'Bin': 'D:\Project\telegram_bot\actions-runner\bin'
[2023-08-22 21:02:24Z INFO HostContext] Well known directory 'Root': 'D:\Project\telegram_bot\actions-runner'
[2023-08-22 21:02:24Z INFO Listener] Validating directory permissions for: 'D:\Project\telegram_bot\actions-runner'
[2023-08-22 21:02:24Z INFO CommandLineParser] Parse
[2023-08-22 21:02:24Z INFO CommandLineParser] Parsing 1 args
[2023-08-22 21:02:24Z INFO CommandLineParser] parsing argument
[2023-08-22 21:02:24Z INFO CommandLineParser] HasArgs: False
[2023-08-22 21:02:24Z INFO CommandLineParser] Adding Command: run
[2023-08-22 21:02:24Z INFO Listener] Arguments parsed
[2023-08-22 21:02:24Z INFO Runner] ExecuteCommand
[2023-08-22 21:02:24Z INFO ConfigurationStore] currentAssemblyLocation: D:\Project\telegram_bot\actions-runner\bin\Runner.Listener.dll
[2023-08-22 21:02:24Z INFO HostContext] Well known directory 'Bin': 'D:\Project\telegram_bot\actions-runner\bin'
[2023-08-22 21:02:24Z INFO ConfigurationStore] binPath: D:\Project\telegram_bot\actions-runner\bin
[2023-08-22 21:02:24Z INFO HostContext] Well known directory 'Bin': 'D:\Project\telegram_bot\actions-runner\bin'
[2023-08-22 21:02:24Z INFO HostContext] Well known directory 'Root': 'D:\Project\telegram_bot\actions-runner'
[2023-08-22 21:02:24Z INFO ConfigurationStore] RootFolder: D:\Project\telegram_bot\actions-runner
[2023-08-22 21:02:24Z INFO HostContext] Well known directory 'Bin': 'D:\Project\telegram_bot\actions-runner\bin'
[2023-08-22 21:02:24Z INFO HostContext] Well known directory 'Root': 'D:\Project\telegram_bot\actions-runner'
[2023-08-22 21:02:24Z INFO HostContext] Well known config file 'Runner': 'D:\Project\telegram_bot\actions-runner\.runner'
[2023-08-22 21:02:24Z INFO ConfigurationStore] ConfigFilePath: D:\Project\telegram_bot\actions-runner\.runner
[2023-08-22 21:02:24Z INFO HostContext] Well known directory 'Bin': 'D:\Project\telegram_bot\actions-runner\bin'
[2023-08-22 21:02:24Z INFO HostContext] Well known directory 'Root': 'D:\Project\telegram_bot\actions-runner'
[2023-08-22 21:02:24Z INFO HostContext] Well known config file 'Credentials': 'D:\Project\telegram_bot\actions-runner\.credentials'
[2023-08-22 21:02:24Z INFO ConfigurationStore] CredFilePath: D:\Project\telegram_bot\actions-runner\.credentials
[2023-08-22 21:02:24Z INFO HostContext] Well known directory 'Bin': 'D:\Project\telegram_bot\actions-runner\bin'
[2023-08-22 21:02:24Z INFO HostContext] Well known directory 'Root': 'D:\Project\telegram_bot\actions-runner'
[2023-08-22 21:02:24Z INFO HostContext] Well known config file 'MigratedCredentials': 'D:\Project\telegram_bot\actions-runner\.credentials_migrated'
[2023-08-22 21:02:24Z INFO ConfigurationStore] MigratedCredFilePath: D:\Project\telegram_bot\actions-runner\.credentials_migrated
[2023-08-22 21:02:24Z INFO HostContext] Well known directory 'Bin': 'D:\Project\telegram_bot\actions-runner\bin'
[2023-08-22 21:02:24Z INFO HostContext] Well known directory 'Root': 'D:\Project\telegram_bot\actions-runner'
[2023-08-22 21:02:24Z INFO HostContext] Well known config file 'Service': 'D:\Project\telegram_bot\actions-runner\.service'
[2023-08-22 21:02:24Z INFO ConfigurationStore] ServiceConfigFilePath: D:\Project\telegram_bot\actions-runner\.service
[2023-08-22 21:02:24Z INFO CommandSettings] Flag 'help': 'False'
[2023-08-22 21:02:24Z INFO CommandSettings] Flag 'version': 'False'
[2023-08-22 21:02:24Z INFO CommandSettings] Flag 'commit': 'False'
[2023-08-22 21:02:24Z INFO CommandSettings] Flag 'check': 'False'
[2023-08-22 21:02:24Z INFO CommandSettings] Command 'configure': 'False'
[2023-08-22 21:02:24Z INFO CommandSettings] Command 'remove': 'False'
[2023-08-22 21:02:24Z INFO CommandSettings] Command 'warmup': 'False'
[2023-08-22 21:02:24Z INFO ConfigurationManager] LoadSettings
[2023-08-22 21:02:24Z INFO ConfigurationStore] IsConfigured()
[2023-08-22 21:02:24Z INFO ConfigurationStore] IsConfigured: True
[2023-08-22 21:02:24Z INFO ConfigurationManager] Is configured: True
[2023-08-22 21:02:24Z INFO ConfigurationStore] Read setting file: 293 chars
[2023-08-22 21:02:24Z INFO ConfigurationManager] Settings Loaded
[2023-08-22 21:02:24Z INFO ConfigurationStore] IsServiceConfigured()
[2023-08-22 21:02:24Z INFO ConfigurationStore] IsServiceConfigured: False
[2023-08-22 21:02:24Z INFO CommandSettings] Command 'run': 'True'
[2023-08-22 21:02:24Z INFO ConfigurationStore] IsConfigured()
[2023-08-22 21:02:24Z INFO ConfigurationStore] IsConfigured: True
[2023-08-22 21:02:24Z INFO ConfigurationManager] Is configured: True
[2023-08-22 21:02:24Z INFO Runner] Could not parse the argument value '' for StartupType. Defaulting to Manual
[2023-08-22 21:02:24Z INFO Runner] Set runner startup type - Manual
[2023-08-22 21:02:24Z INFO CommandSettings] Flag 'once': 'False'
[2023-08-22 21:02:24Z INFO CommandSettings] Flag 'once': 'False'
[2023-08-22 21:02:24Z INFO Runner] RunAsync
[2023-08-22 21:02:24Z INFO ConfigurationManager] LoadSettings
[2023-08-22 21:02:24Z INFO ConfigurationStore] IsConfigured()
[2023-08-22 21:02:24Z INFO ConfigurationStore] IsConfigured: True
[2023-08-22 21:02:24Z INFO ConfigurationManager] Is configured: True
[2023-08-22 21:02:24Z INFO ConfigurationManager] Settings Loaded
[2023-08-22 21:02:25Z INFO MessageListener] {
  "AgentId": 22,
  "AgentName": "GREED",
  "PoolId": 1,
  "PoolName": "Default",
  "ServerUrl": "https://pipelines.actions.githubusercontent.com/EFauTb7DR8jRvNU0rwPSbLYq19K9EsdlwuH2G0lVfKOqyFXW2c/",
  "GitHubUrl": "https://github.com/LexBondarchyk/tel-bot",
  "WorkFolder": "_work"
}
[2023-08-22 21:02:25Z INFO MessageListener] Loading Credentials
[2023-08-22 21:02:25Z INFO ConfigurationStore] HasCredentials()
[2023-08-22 21:02:25Z INFO ConfigurationStore] stored True
[2023-08-22 21:02:25Z INFO CredentialManager] GetCredentialProvider
[2023-08-22 21:02:25Z INFO CredentialManager] Creating type OAuth
[2023-08-22 21:02:25Z INFO CredentialManager] Creating credential type: OAuth
[2023-08-22 21:02:25Z INFO HostContext] Well known directory 'Bin': 'D:\Project\telegram_bot\actions-runner\bin'
[2023-08-22 21:02:25Z INFO HostContext] Well known directory 'Root': 'D:\Project\telegram_bot\actions-runner'
[2023-08-22 21:02:25Z INFO HostContext] Well known config file 'RSACredentials': 'D:\Project\telegram_bot\actions-runner\.credentials_rsaparams'
[2023-08-22 21:02:25Z INFO RSAEncryptedFileKeyManager] Loading RSA key parameters from file D:\Project\telegram_bot\actions-runner\.credentials_rsaparams
[2023-08-22 21:02:25Z INFO MessageListener] Attempt to create session.
[2023-08-22 21:02:25Z INFO MessageListener] Connecting to the Runner Server...
[2023-08-22 21:02:25Z INFO RunnerServer] EstablishVssConnection
[2023-08-22 21:02:25Z INFO RunnerServer] Establish connection with 100 seconds timeout.
[2023-08-22 21:02:25Z INFO GitHubActionsService] Starting operation Location.GetConnectionData
[2023-08-22 21:02:25Z INFO RunnerServer] EstablishVssConnection
[2023-08-22 21:02:25Z INFO RunnerServer] Establish connection with 60 seconds timeout.
[2023-08-22 21:02:25Z INFO GitHubActionsService] Starting operation Location.GetConnectionData
[2023-08-22 21:02:25Z INFO RunnerServer] EstablishVssConnection
[2023-08-22 21:02:25Z INFO RunnerServer] Establish connection with 60 seconds timeout.
[2023-08-22 21:02:25Z INFO GitHubActionsService] Starting operation Location.GetConnectionData
[2023-08-22 21:02:26Z INFO GitHubActionsService] Finished operation Location.GetConnectionData
[2023-08-22 21:02:26Z INFO GitHubActionsService] Finished operation Location.GetConnectionData
[2023-08-22 21:02:26Z INFO GitHubActionsService] Finished operation Location.GetConnectionData
[2023-08-22 21:02:26Z INFO GitHubActionsService] Starting operation Location.GetConnectionData
[2023-08-22 21:02:27Z INFO GitHubActionsService] Finished operation Location.GetConnectionData
[2023-08-22 21:02:27Z INFO MessageListener] VssConnection created
[2023-08-22 21:02:27Z INFO Terminal] WRITE LINE: 
[2023-08-22 21:02:27Z INFO Terminal] WRITE LINE: 
[2023-08-22 21:02:27Z INFO RSAEncryptedFileKeyManager] Loading RSA key parameters from file D:\Project\telegram_bot\actions-runner\.credentials_rsaparams
[2023-08-22 21:02:27Z INFO RSAEncryptedFileKeyManager] Loading RSA key parameters from file D:\Project\telegram_bot\actions-runner\.credentials_rsaparams
[2023-08-22 21:02:28Z INFO GitHubActionsService] AAD Correlation ID for this token request: Unknown
[2023-08-22 21:02:28Z INFO MessageListener] Session created.
[2023-08-22 21:02:28Z INFO Terminal] WRITE LINE: Current runner version: '2.308.0'
[2023-08-22 21:02:28Z INFO Terminal] WRITE LINE: 2023-08-22 21:02:28Z: Listening for Jobs
[2023-08-22 21:02:28Z INFO JobDispatcher] Set runner/worker IPC timeout to 30 seconds.
